<?xml version="1.0" encoding="UTF-8"?>
<testsuite xmlns:xsi="http://www.w3.org/2001/XMLSchema-instance" xsi:noNamespaceSchemaLocation="https://maven.apache.org/surefire/maven-surefire-plugin/xsd/surefire-test-report-3.0.xsd" version="3.0" name="com.project.app.booking.BookingAppApplicationTests" time="12.996" tests="1" errors="0" skipped="0" failures="0">
  <properties>
[...]
</properties>
  <testcase name="contextLoads" classname="com.project.app.booking.BookingAppApplicationTests" time="0.66">
    <system-out><![CDATA[14:14:47.817 [main] INFO org.springframework.test.context.support.AnnotationConfigContextLoaderUtils -- Could not detect default configuration classes for test class [com.project.app.booking.BookingAppApplicationTests]: BookingAppApplicationTests does not declare any static, non-private, non-final, nested classes annotated with @Configuration.
14:14:47.974 [main] INFO org.springframework.boot.test.context.SpringBootTestContextBootstrapper -- Found @SpringBootConfiguration com.project.app.booking.BookingAppApplication for test class com.project.app.booking.BookingAppApplicationTests
14:14:48.247 [main] INFO org.springframework.boot.devtools.restart.RestartApplicationListener -- Restart disabled due to context in which it is running

  .   ____          _            __ _ _
 /\\ / ___'_ __ _ _(_)_ __  __ _ \ \ \ \
( ( )\___ | '_ | '_| | '_ \/ _` | \ \ \ \
 \\/  ___)| |_)| | | | | || (_| |  ) ) ) )
  '  |____| .__|_| |_|_| |_\__, | / / / /
 =========|_|==============|___/=/_/_/_/
 :: Spring Boot ::                (v3.1.5)

2023-11-28T14:14:48.658Z  INFO 15072 --- [           main] c.p.a.b.BookingAppApplicationTests       : Starting BookingAppApplicationTests using Java 17.0.9 with PID 15072 (started by Johns-Thomas in D:\master\cloud platform programming\CPP-project\booking-app\booking-app)
2023-11-28T14:14:48.658Z  INFO 15072 --- [           main] c.p.a.b.BookingAppApplicationTests       : No active profile set, falling back to 1 default profile: "default"
2023-11-28T14:14:49.692Z  INFO 15072 --- [           main] .s.d.r.c.RepositoryConfigurationDelegate : Bootstrapping Spring Data JPA repositories in DEFAULT mode.
2023-11-28T14:14:49.801Z  INFO 15072 --- [           main] .s.d.r.c.RepositoryConfigurationDelegate : Finished Spring Data repository scanning in 98 ms. Found 4 JPA repository interfaces.
2023-11-28T14:14:50.492Z  INFO 15072 --- [           main] o.hibernate.jpa.internal.util.LogHelper  : HHH000204: Processing PersistenceUnitInfo [name: default]
2023-11-28T14:14:50.602Z  INFO 15072 --- [           main] org.hibernate.Version                    : HHH000412: Hibernate ORM core version 6.2.13.Final
2023-11-28T14:14:50.602Z  INFO 15072 --- [           main] org.hibernate.cfg.Environment            : HHH000406: Using bytecode reflection optimizer
2023-11-28T14:14:51.072Z  INFO 15072 --- [           main] o.s.o.j.p.SpringPersistenceUnitInfo      : No LoadTimeWeaver setup: ignoring JPA class transformer
2023-11-28T14:14:51.119Z  INFO 15072 --- [           main] com.zaxxer.hikari.HikariDataSource       : HikariPool-1 - Starting...
2023-11-28T14:14:52.061Z  INFO 15072 --- [           main] com.zaxxer.hikari.pool.HikariPool        : HikariPool-1 - Added connection org.postgresql.jdbc.PgConnection@27d98bef
2023-11-28T14:14:52.061Z  INFO 15072 --- [           main] com.zaxxer.hikari.HikariDataSource       : HikariPool-1 - Start completed.
2023-11-28T14:14:52.155Z  WARN 15072 --- [           main] org.hibernate.orm.deprecation            : HHH90000025: PostgreSQLDialect does not need to be specified explicitly using 'hibernate.dialect' (remove the property setting and it will be selected by default)
2023-11-28T14:14:53.542Z  INFO 15072 --- [           main] o.h.e.t.j.p.i.JtaPlatformInitiator       : HHH000489: No JTA platform available (set 'hibernate.transaction.jta.platform' to enable JTA platform integration)
2023-11-28T14:14:56.106Z  INFO 15072 --- [           main] j.LocalContainerEntityManagerFactoryBean : Initialized JPA EntityManagerFactory for persistence unit 'default'
2023-11-28T14:14:56.952Z  WARN 15072 --- [           main] s.a.a.p.internal.ProfileFileReader       : Warning: Duplicate property 'aws_access_key_id' detected on line 26. The later one in the file will be used.
2023-11-28T14:14:56.952Z  WARN 15072 --- [           main] s.a.a.p.internal.ProfileFileReader       : Warning: Duplicate property 'aws_secret_access_key' detected on line 27. The later one in the file will be used.
2023-11-28T14:14:57.658Z  INFO 15072 --- [           main] o.s.d.j.r.query.QueryEnhancerFactory     : Hibernate is in classpath; If applicable, HQL parser will be used.
2023-11-28T14:14:58.270Z  WARN 15072 --- [           main] s.a.a.p.internal.ProfileFileReader       : Warning: Duplicate property 'aws_access_key_id' detected on line 26. The later one in the file will be used.
2023-11-28T14:14:58.270Z  WARN 15072 --- [           main] s.a.a.p.internal.ProfileFileReader       : Warning: Duplicate property 'aws_secret_access_key' detected on line 27. The later one in the file will be used.
2023-11-28T14:14:58.694Z  WARN 15072 --- [           main] s.a.a.p.internal.ProfileFileReader       : Warning: Duplicate property 'aws_access_key_id' detected on line 26. The later one in the file will be used.
2023-11-28T14:14:58.694Z  WARN 15072 --- [           main] s.a.a.p.internal.ProfileFileReader       : Warning: Duplicate property 'aws_secret_access_key' detected on line 27. The later one in the file will be used.
2023-11-28T14:14:58.882Z  WARN 15072 --- [           main] JpaBaseConfiguration$JpaWebConfiguration : spring.jpa.open-in-view is enabled by default. Therefore, database queries may be performed during view rendering. Explicitly configure spring.jpa.open-in-view to disable this warning
2023-11-28T14:14:59.102Z  INFO 15072 --- [           main] o.s.s.web.DefaultSecurityFilterChain     : Will secure any request with [org.springframework.security.web.session.DisableEncodeUrlFilter@5e59844f, org.springframework.security.web.context.request.async.WebAsyncManagerIntegrationFilter@28cfbcc, org.springframework.security.web.context.SecurityContextHolderFilter@7734695d, org.springframework.security.web.header.HeaderWriterFilter@23317e8a, org.springframework.security.web.authentication.logout.LogoutFilter@20fdf45a, com.project.app.booking.config.JwtSecurityCustomFilter@1d7d968c, org.springframework.security.web.savedrequest.RequestCacheAwareFilter@4e67f0a0, org.springframework.security.web.servletapi.SecurityContextHolderAwareRequestFilter@12b2fcaf, org.springframework.security.web.authentication.AnonymousAuthenticationFilter@67bf393c, org.springframework.security.web.session.SessionManagementFilter@73e21fb5, org.springframework.security.web.access.ExceptionTranslationFilter@53e6b541, org.springframework.security.web.access.intercept.AuthorizationFilter@5aa0d535]
2023-11-28T14:14:59.901Z  INFO 15072 --- [           main] c.p.a.b.BookingAppApplicationTests       : Started BookingAppApplicationTests in 11.675 seconds (process running for 13.042)
]]></system-out>
  </testcase>
</testsuite>